# JRE version: Java(TM) SE Runtime Environment (21.0.6+8) (build 21.0.6+8-LTS-188)
# Java VM: Java HotSpot(TM) 64-Bit Server VM (21.0.6+8-LTS-188, mixed mode, sharing, tiered, compressed oops, compressed class ptrs, g1 gc, windows-amd64)
GC Precious Log:
 CardTable entry size: 512
 Card Set container configuration: InlinePtr #cards 5 size 8 Array Of Cards #cards 12 size 40 Howl #buckets 4 coarsen threshold 1843 Howl Bitmap #cards 512 size 80 coarsen threshold 460 Card regions per heap region 1 cards per card region 2048
 CPUs: 12 total, 12 available
 Memory: 6005M
 Large Page Support: Disabled
 NUMA Support: Disabled
 Compressed Oops: Enabled (32-bit)
 Heap Region Size: 1M
 Heap Min Capacity: 8M
 Heap Initial Capacity: 94M
 Heap Max Capacity: 1502M
 Pre-touch: Disabled
 Parallel Workers: 10
 Concurrent Workers: 3
 Concurrent Refinement Workers: 10
 Periodic GC: Disabled
Heap:
 garbage-first heap   total 98304K, used 52275K [0x00000000a2200000, 0x0000000100000000)
  region size 1024K, 3 young (3072K), 3 survivors (3072K)
 Metaspace       used 85168K, committed 86080K, reserved 1179648K
  class space    used 11606K, committed 12032K, reserved 1048576K
GC Heap History (20 events):
Event: 13.951 GC heap after
{Heap after GC invocations=20 (full 0):
 garbage-first heap   total 79872K, used 43464K [0x00000000a2200000, 0x0000000100000000)
  region size 1024K, 5 young (5120K), 5 survivors (5120K)
 Metaspace       used 72425K, committed 73152K, reserved 1114112K
  class space    used 9845K, committed 10176K, reserved 1048576K
}
Event: 14.107 GC heap before
{Heap before GC invocations=20 (full 0):
 garbage-first heap   total 79872K, used 69064K [0x00000000a2200000, 0x0000000100000000)
  region size 1024K, 30 young (30720K), 5 survivors (5120K)
 Metaspace       used 72447K, committed 73152K, reserved 1114112K
  class space    used 9845K, committed 10176K, reserved 1048576K
}
Event: 14.112 GC heap after
{Heap after GC invocations=21 (full 0):
 garbage-first heap   total 79872K, used 45579K [0x00000000a2200000, 0x0000000100000000)
  region size 1024K, 3 young (3072K), 3 survivors (3072K)
 Metaspace       used 72447K, committed 73152K, reserved 1114112K
  class space    used 9845K, committed 10176K, reserved 1048576K
}
Event: 14.368 GC heap before
{Heap before GC invocations=21 (full 0):
 garbage-first heap   total 79872K, used 70155K [0x00000000a2200000, 0x0000000100000000)
  region size 1024K, 27 young (27648K), 3 survivors (3072K)
 Metaspace       used 73891K, committed 74624K, reserved 1114112K
  class space    used 10089K, committed 10432K, reserved 1048576K
}
Event: 14.370 GC heap after
{Heap after GC invocations=22 (full 0):
 garbage-first heap   total 79872K, used 45985K [0x00000000a2200000, 0x0000000100000000)
  region size 1024K, 3 young (3072K), 3 survivors (3072K)
 Metaspace       used 73891K, committed 74624K, reserved 1114112K
  class space    used 10089K, committed 10432K, reserved 1048576K
}
Event: 14.504 GC heap before
{Heap before GC invocations=23 (full 0):
 garbage-first heap   total 81920K, used 71585K [0x00000000a2200000, 0x0000000100000000)
  region size 1024K, 28 young (28672K), 3 survivors (3072K)
 Metaspace       used 73984K, committed 74688K, reserved 1114112K
  class space    used 10098K, committed 10432K, reserved 1048576K
}
Event: 14.507 GC heap after
{Heap after GC invocations=24 (full 0):
 garbage-first heap   total 81920K, used 47161K [0x00000000a2200000, 0x0000000100000000)
  region size 1024K, 2 young (2048K), 2 survivors (2048K)
 Metaspace       used 73984K, committed 74688K, reserved 1114112K
  class space    used 10098K, committed 10432K, reserved 1048576K
}
Event: 14.667 GC heap before
{Heap before GC invocations=24 (full 0):
 garbage-first heap   total 81920K, used 73785K [0x00000000a2200000, 0x0000000100000000)
  region size 1024K, 28 young (28672K), 2 survivors (2048K)
 Metaspace       used 74080K, committed 74752K, reserved 1114112K
  class space    used 10108K, committed 10432K, reserved 1048576K
}
Event: 14.669 GC heap after
{Heap after GC invocations=25 (full 0):
 garbage-first heap   total 98304K, used 45002K [0x00000000a2200000, 0x0000000100000000)
  region size 1024K, 2 young (2048K), 2 survivors (2048K)
 Metaspace       used 74080K, committed 74752K, reserved 1114112K
  class space    used 10108K, committed 10432K, reserved 1048576K
}
Event: 15.223 GC heap before
{Heap before GC invocations=25 (full 0):
 garbage-first heap   total 98304K, used 88010K [0x00000000a2200000, 0x0000000100000000)
  region size 1024K, 44 young (45056K), 2 survivors (2048K)
 Metaspace       used 74741K, committed 75456K, reserved 1114112K
  class space    used 10173K, committed 10496K, reserved 1048576K
}
Event: 15.227 GC heap after
{Heap after GC invocations=26 (full 0):
 garbage-first heap   total 98304K, used 45847K [0x00000000a2200000, 0x0000000100000000)
  region size 1024K, 3 young (3072K), 3 survivors (3072K)
 Metaspace       used 74741K, committed 75456K, reserved 1114112K
  class space    used 10173K, committed 10496K, reserved 1048576K
}
Event: 15.621 GC heap before
{Heap before GC invocations=26 (full 0):
 garbage-first heap   total 98304K, used 87831K [0x00000000a2200000, 0x0000000100000000)
  region size 1024K, 44 young (45056K), 3 survivors (3072K)
 Metaspace       used 76110K, committed 76864K, reserved 1179648K
  class space    used 10333K, committed 10688K, reserved 1048576K
}
Event: 15.624 GC heap after
{Heap after GC invocations=27 (full 0):
 garbage-first heap   total 98304K, used 47644K [0x00000000a2200000, 0x0000000100000000)
  region size 1024K, 5 young (5120K), 5 survivors (5120K)
 Metaspace       used 76110K, committed 76864K, reserved 1179648K
  class space    used 10333K, committed 10688K, reserved 1048576K
}
Event: 16.517 GC heap before
{Heap before GC invocations=27 (full 0):
 garbage-first heap   total 98304K, used 85532K [0x00000000a2200000, 0x0000000100000000)
  region size 1024K, 42 young (43008K), 5 survivors (5120K)
 Metaspace       used 79147K, committed 79936K, reserved 1179648K
  class space    used 10764K, committed 11136K, reserved 1048576K
}
Event: 16.523 GC heap after
{Heap after GC invocations=28 (full 0):
 garbage-first heap   total 98304K, used 50044K [0x00000000a2200000, 0x0000000100000000)
  region size 1024K, 6 young (6144K), 6 survivors (6144K)
 Metaspace       used 79147K, committed 79936K, reserved 1179648K
  class space    used 10764K, committed 11136K, reserved 1048576K
}
Event: 17.043 GC heap before
{Heap before GC invocations=29 (full 0):
 garbage-first heap   total 98304K, used 84860K [0x00000000a2200000, 0x0000000100000000)
  region size 1024K, 40 young (40960K), 6 survivors (6144K)
 Metaspace       used 81398K, committed 82240K, reserved 1179648K
  class space    used 11093K, committed 11456K, reserved 1048576K
}
Event: 17.049 GC heap after
{Heap after GC invocations=30 (full 0):
 garbage-first heap   total 98304K, used 52068K [0x00000000a2200000, 0x0000000100000000)
  region size 1024K, 5 young (5120K), 5 survivors (5120K)
 Metaspace       used 81398K, committed 82240K, reserved 1179648K
  class space    used 11093K, committed 11456K, reserved 1048576K
}
Event: 17.512 GC heap before
{Heap before GC invocations=30 (full 0):
 garbage-first heap   total 98304K, used 85860K [0x00000000a2200000, 0x0000000100000000)
  region size 1024K, 38 young (38912K), 5 survivors (5120K)
 Metaspace       used 83133K, committed 83968K, reserved 1179648K
  class space    used 11382K, committed 11776K, reserved 1048576K
}
Event: 17.520 GC heap after
{Heap after GC invocations=31 (full 0):
 garbage-first heap   total 98304K, used 51800K [0x00000000a2200000, 0x0000000100000000)
  region size 1024K, 5 young (5120K), 5 survivors (5120K)
 Metaspace       used 83133K, committed 83968K, reserved 1179648K
  class space    used 11382K, committed 11776K, reserved 1048576K
}
Event: 254.320 GC heap before
{Heap before GC invocations=31 (full 0):
 garbage-first heap   total 98304K, used 86616K [0x00000000a2200000, 0x0000000100000000)
  region size 1024K, 39 young (39936K), 5 survivors (5120K)
 Metaspace       used 85168K, committed 86080K, reserved 1179648K
  class space    used 11606K, committed 12032K, reserved 1048576K
}

